#
# There is insufficient memory for the Java Runtime Environment to continue.
# Native memory allocation (mmap) failed to map 8323072 bytes for G1 virtual space
# Possible reasons:
#   The system is out of physical RAM or swap space
#   The process is running with CompressedOops enabled, and the Java Heap may be blocking the growth of the native heap
# Possible solutions:
#   Reduce memory load on the system
#   Increase physical memory or swap space
#   Check if swap backing store is full
#   Decrease Java heap size (-Xmx/-Xms)
#   Decrease number of Java threads
#   Decrease Java thread stack sizes (-Xss)
#   Set larger code cache with -XX:ReservedCodeCacheSize=
#   JVM is running with Zero Based Compressed Oops mode in which the Java heap is
#     placed in the first 32GB address space. The Java Heap base address is the
#     maximum limit for the native heap growth. Please use -XX:HeapBaseMinAddress
#     to set the Java Heap base and to place the Java Heap above 32GB virtual address.
# This output file may be truncated or incomplete.
#
#  Out of Memory Error (os_windows.cpp:3617), pid=15036, tid=576
#
# JRE version:  (17.0.8.1+1) (build )
# Java VM: OpenJDK 64-Bit Server VM (17.0.8.1+1, mixed mode, sharing, tiered, compressed oops, compressed class ptrs, g1 gc, windows-amd64)
# No core dump will be written. Minidumps are not enabled by default on client versions of Windows
#

---------------  S U M M A R Y ------------

Command Line: -Dfile.encoding=UTF-8 -Dstdout.encoding=UTF-8 -Dstderr.encoding=UTF-8 --module-path=C:\java_workspace\javaSE\bin -XX:+ShowCodeDetailsInExceptionMessages -Djdk.module.main=javaSE javaSE/chapter07.array.Theater

Host: Intel(R) Core(TM) 7 150U, 12 cores, 31G,  Windows 11 , 64 bit Build 22621 (10.0.22621.3958)
Time: Mon Oct 28 16:19:20 2024  Windows 11 , 64 bit Build 22621 (10.0.22621.3958) elapsed time: 0.025221 seconds (0d 0h 0m 0s)

---------------  T H R E A D  ---------------

Current thread (0x000001bb1a44a3b0):  JavaThread "Unknown thread" [_thread_in_vm, id=576, stack(0x00000014e1600000,0x00000014e1700000)]

Stack: [0x00000014e1600000,0x00000014e1700000]
Native frames: (J=compiled Java code, j=interpreted, Vv=VM code, C=native code)
V  [jvm.dll+0x678b0a]
V  [jvm.dll+0x835e84]
V  [jvm.dll+0x83762e]
V  [jvm.dll+0x837c93]
V  [jvm.dll+0x24746f]
V  [jvm.dll+0x675859]
V  [jvm.dll+0x66a0ea]
V  [jvm.dll+0x306c7b]
V  [jvm.dll+0x30e166]
V  [jvm.dll+0x35dd53]
V  [jvm.dll+0x35df6f]
V  [jvm.dll+0x2ddb48]
V  [jvm.dll+0x2deab4]
V  [jvm.dll+0x807f31]
V  [jvm.dll+0x36bb21]
V  [jvm.dll+0x7e733c]
V  [jvm.dll+0x3ee4af]
V  [jvm.dll+0x3f00c1]
C  [jli.dll+0x528b]
C  [ucrtbase.dll+0x29333]
C  [KERNEL32.DLL+0x1257d]
C  [ntdll.dll+0x5af08]


---------------  P R O C E S S  ---------------

Threads class SMR info:
_java_thread_list=0x00007ff9ef1aa018, length=0, elements={
}

Java Threads: ( => current thread )

Other Threads:
  0x000001bb1a4f8640 GCTaskThread "GC Thread#0" [stack: 0x00000014e1700000,0x00000014e1800000] [id=9516]
  0x000001bb3fdabed0 ConcurrentGCThread "G1 Main Marker" [stack: 0x00000014e1800000,0x00000014e1900000] [id=1276]
  0x000001bb3fdac8e0 ConcurrentGCThread "G1 Conc#0" [stack: 0x00000014e1900000,0x00000014e1a00000] [id=1752]

[error occurred during error reporting (printing all threads), id 0xc0000005, EXCEPTION_ACCESS_VIOLATION (0xc0000005) at pc=0x00007ff9ee97e587]

VM state: not at safepoint (not fully initialized)

VM Mutex/Monitor currently owned by a thread:  ([mutex/lock_event])
[0x000001bb1a444ad0] Heap_lock - owner thread: 0x000001bb1a44a3b0

Heap address: 0x0000000604c00000, size: 8116 MB, Compressed Oops mode: Zero based, Oop shift amount: 3

CDS archive(s) mapped at: [0x0000000000000000-0x0000000000000000-0x0000000000000000), size 0, SharedBaseAddress: 0x0000000800000000, ArchiveRelocationMode: 1.
Narrow klass base: 0x0000000000000000, Narrow klass shift: 0, Narrow klass range: 0x0

GC Precious Log:
<Empty>

Heap:
 garbage-first heap   total 0K, used 0K [0x0000000604c00000, 0x0000000800000000)
  region size 4096K, 0 young (0K), 0 survivors (0K)

[error occurred during error reporting (printing heap information), id 0xc0000005, EXCEPTION_ACCESS_VIOLATION (0xc0000005) at pc=0x00007ff9eed62699]

GC Heap History (0 events):
No events

Dll operation events (1 events):
Event: 0.009 Loaded shared library C:\setup\java-setup\windows\eclipse-jee-2023-09-R-win32-x86_64\eclipse\plugins\org.eclipse.justj.openjdk.hotspot.jre.full.win32.x86_64_17.0.8.v20230831-1047\jre\bin\java.dll

Deoptimization events (0 events):
No events

Classes unloaded (0 events):
No events

Classes redefined (0 events):
No events

Internal exceptions (0 events):
No events

VM Operations (0 events):
No events

Events (0 events):
No events


Dynamic libraries:
0x00007ff7264b0000 - 0x00007ff7264be000 	C:\setup\java-setup\windows\eclipse-jee-2023-09-R-win32-x86_64\eclipse\plugins\org.eclipse.justj.openjdk.hotspot.jre.full.win32.x86_64_17.0.8.v20230831-1047\jre\bin\javaw.exe
0x00007ffa75af0000 - 0x00007ffa75d07000 	C:\Windows\SYSTEM32\ntdll.dll
0x00007ffa74f20000 - 0x00007ffa74fe4000 	C:\Windows\System32\KERNEL32.DLL
0x00007ffa73150000 - 0x00007ffa73507000 	C:\Windows\System32\KERNELBASE.dll
0x00007ffa73510000 - 0x00007ffa73621000 	C:\Windows\System32\ucrtbase.dll
0x00007ffa65650000 - 0x00007ffa65667000 	C:\setup\java-setup\windows\eclipse-jee-2023-09-R-win32-x86_64\eclipse\plugins\org.eclipse.justj.openjdk.hotspot.jre.full.win32.x86_64_17.0.8.v20230831-1047\jre\bin\jli.dll
0x00007ffa75350000 - 0x00007ffa754ff000 	C:\Windows\System32\USER32.dll
0x00007ffa73120000 - 0x00007ffa73146000 	C:\Windows\System32\win32u.dll
0x00007ffa74dd0000 - 0x00007ffa74df9000 	C:\Windows\System32\GDI32.dll
0x00007ffa73700000 - 0x00007ffa73818000 	C:\Windows\System32\gdi32full.dll
0x00007ffa73630000 - 0x00007ffa736ca000 	C:\Windows\System32\msvcp_win.dll
0x00007ffa65630000 - 0x00007ffa65649000 	C:\setup\java-setup\windows\eclipse-jee-2023-09-R-win32-x86_64\eclipse\plugins\org.eclipse.justj.openjdk.hotspot.jre.full.win32.x86_64_17.0.8.v20230831-1047\jre\bin\VCRUNTIME140.dll
0x00007ffa5b110000 - 0x00007ffa5b3a3000 	C:\Windows\WinSxS\amd64_microsoft.windows.common-controls_6595b64144ccf1df_6.0.22621.3672_none_2713b9d173822955\COMCTL32.dll
0x00007ffa746a0000 - 0x00007ffa74747000 	C:\Windows\System32\msvcrt.dll
0x00007ffa74bd0000 - 0x00007ffa74c01000 	C:\Windows\System32\IMM32.DLL
0x00007ffa67de0000 - 0x00007ffa67dec000 	C:\setup\java-setup\windows\eclipse-jee-2023-09-R-win32-x86_64\eclipse\plugins\org.eclipse.justj.openjdk.hotspot.jre.full.win32.x86_64_17.0.8.v20230831-1047\jre\bin\vcruntime140_1.dll
0x00007ffa65590000 - 0x00007ffa65621000 	C:\setup\java-setup\windows\eclipse-jee-2023-09-R-win32-x86_64\eclipse\plugins\org.eclipse.justj.openjdk.hotspot.jre.full.win32.x86_64_17.0.8.v20230831-1047\jre\bin\msvcp140.dll
0x00007ff9ee690000 - 0x00007ff9ef2dc000 	C:\setup\java-setup\windows\eclipse-jee-2023-09-R-win32-x86_64\eclipse\plugins\org.eclipse.justj.openjdk.hotspot.jre.full.win32.x86_64_17.0.8.v20230831-1047\jre\bin\server\jvm.dll
0x00007ffa75190000 - 0x00007ffa75242000 	C:\Windows\System32\ADVAPI32.dll
0x00007ffa758a0000 - 0x00007ffa75948000 	C:\Windows\System32\sechost.dll
0x00007ffa736d0000 - 0x00007ffa736f8000 	C:\Windows\System32\bcrypt.dll
0x00007ffa74e00000 - 0x00007ffa74f14000 	C:\Windows\System32\RPCRT4.dll
0x00007ffa71cb0000 - 0x00007ffa71cfd000 	C:\Windows\SYSTEM32\POWRPROF.dll
0x00007ffa4eb00000 - 0x00007ffa4eb09000 	C:\Windows\SYSTEM32\WSOCK32.dll
0x00007ffa74620000 - 0x00007ffa74691000 	C:\Windows\System32\WS2_32.dll
0x00007ffa6b7f0000 - 0x00007ffa6b824000 	C:\Windows\SYSTEM32\WINMM.dll
0x00007ffa6ae40000 - 0x00007ffa6ae4a000 	C:\Windows\SYSTEM32\VERSION.dll
0x00007ffa71c90000 - 0x00007ffa71ca3000 	C:\Windows\SYSTEM32\UMPDC.dll
0x00007ffa71f40000 - 0x00007ffa71f58000 	C:\Windows\SYSTEM32\kernel.appcore.dll
0x00007ffa632c0000 - 0x00007ffa632ca000 	C:\setup\java-setup\windows\eclipse-jee-2023-09-R-win32-x86_64\eclipse\plugins\org.eclipse.justj.openjdk.hotspot.jre.full.win32.x86_64_17.0.8.v20230831-1047\jre\bin\jimage.dll
0x00007ffa706a0000 - 0x00007ffa708d2000 	C:\Windows\SYSTEM32\DBGHELP.DLL
0x00007ffa75510000 - 0x00007ffa7589e000 	C:\Windows\System32\combase.dll
0x00007ffa750b0000 - 0x00007ffa75187000 	C:\Windows\System32\OLEAUT32.dll
0x00007ffa61f80000 - 0x00007ffa61fb2000 	C:\Windows\SYSTEM32\dbgcore.DLL
0x00007ffa72e70000 - 0x00007ffa72eeb000 	C:\Windows\System32\bcryptPrimitives.dll
0x00007ffa33c90000 - 0x00007ffa33cb5000 	C:\setup\java-setup\windows\eclipse-jee-2023-09-R-win32-x86_64\eclipse\plugins\org.eclipse.justj.openjdk.hotspot.jre.full.win32.x86_64_17.0.8.v20230831-1047\jre\bin\java.dll

dbghelp: loaded successfully - version: 4.0.5 - missing functions: none
symbol engine: initialized successfully - sym options: 0x614 - pdb path: .;C:\setup\java-setup\windows\eclipse-jee-2023-09-R-win32-x86_64\eclipse\plugins\org.eclipse.justj.openjdk.hotspot.jre.full.win32.x86_64_17.0.8.v20230831-1047\jre\bin;C:\Windows\SYSTEM32;C:\Windows\WinSxS\amd64_microsoft.windows.common-controls_6595b64144ccf1df_6.0.22621.3672_none_2713b9d173822955;C:\setup\java-setup\windows\eclipse-jee-2023-09-R-win32-x86_64\eclipse\plugins\org.eclipse.justj.openjdk.hotspot.jre.full.win32.x86_64_17.0.8.v20230831-1047\jre\bin\server

VM Arguments:
jvm_args: -Dfile.encoding=UTF-8 -Dstdout.encoding=UTF-8 -Dstderr.encoding=UTF-8 --module-path=C:\java_workspace\javaSE\bin -XX:+ShowCodeDetailsInExceptionMessages -Djdk.module.main=javaSE 
java_command: javaSE/chapter07.array.Theater
java_class_path (initial): <not set>
Launcher Type: SUN_STANDARD

[Global flags]
     intx CICompilerCount                          = 4                                         {product} {ergonomic}
     uint ConcGCThreads                            = 3                                         {product} {ergonomic}
     uint G1ConcRefinementThreads                  = 10                                        {product} {ergonomic}
   size_t G1HeapRegionSize                         = 4194304                                   {product} {ergonomic}
    uintx GCDrainStackTargetSize                   = 64                                        {product} {ergonomic}
   size_t InitialHeapSize                          = 532676608                                 {product} {ergonomic}
   size_t MarkStackSize                            = 4194304                                   {product} {ergonomic}
   size_t MaxHeapSize                              = 8510242816                                {product} {ergonomic}
   size_t MinHeapDeltaBytes                        = 4194304                                   {product} {ergonomic}
   size_t MinHeapSize                              = 8388608                                   {product} {ergonomic}
    uintx NonNMethodCodeHeapSize                   = 5839372                                {pd product} {ergonomic}
    uintx NonProfiledCodeHeapSize                  = 122909434                              {pd product} {ergonomic}
    uintx ProfiledCodeHeapSize                     = 122909434                              {pd product} {ergonomic}
    uintx ReservedCodeCacheSize                    = 251658240                              {pd product} {ergonomic}
     bool SegmentedCodeCache                       = true                                      {product} {ergonomic}
     bool ShowCodeDetailsInExceptionMessages       = true                                   {manageable} {command line}
   size_t SoftMaxHeapSize                          = 8510242816                             {manageable} {ergonomic}
     bool UseCompressedClassPointers               = true                           {product lp64_product} {ergonomic}
     bool UseCompressedOops                        = true                           {product lp64_product} {ergonomic}
     bool UseG1GC                                  = true                                      {product} {ergonomic}
     bool UseLargePagesIndividualAllocation        = false                                  {pd product} {ergonomic}

Logging:
Log output configuration:
 #0: stdout all=warning uptime,level,tags
 #1: stderr all=off uptime,level,tags

Environment Variables:
JAVA_HOME=C:\Program Files\Java\jdk-17
PATH=C:/setup/java-setup/windows/eclipse-jee-2023-09-R-win32-x86_64/eclipse//plugins/org.eclipse.justj.openjdk.hotspot.jre.full.win32.x86_64_17.0.8.v20230831-1047/jre/bin/server;C:/setup/java-setup/windows/eclipse-jee-2023-09-R-win32-x86_64/eclipse//plugins/org.eclipse.justj.openjdk.hotspot.jre.full.win32.x86_64_17.0.8.v20230831-1047/jre/bin;C:\Program Files\Java\jdk-17\bin;C:\Program Files\Common Files\Oracle\Java\javapath;C:\pr\ORDB\app\oracle\product\11.2.0\server\bin;C:\Windows\system32;C:\Windows;C:\Windows\System32\Wbem;C:\Windows\System32\WindowsPowerShell\v1.0\;C:\Windows\System32\OpenSSH\;C:\Program Files\Bandizip\;C:\Users\user\AppData\Local\Microsoft\WindowsApps;C:\Users\user\AppData\Local\Programs\Microsoft VS Code\bin;C:\Program Files\JetBrains\IntelliJ IDEA 2024.2.3\bin;;C:\pr\MySQL\MySQL Server 8.0\bin;;C:\Program Files (x86)\ESTsoft\ALSee\x64;C:\setup\java-setup\windows\eclipse-jee-2023-09-R-win32-x86_64\eclipse;
USERNAME=user
OS=Windows_NT
PROCESSOR_IDENTIFIER=Intel64 Family 6 Model 186 Stepping 3, GenuineIntel
TMP=C:\Users\user\AppData\Local\Temp
TEMP=C:\Users\user\AppData\Local\Temp



---------------  S Y S T E M  ---------------

OS:
 Windows 11 , 64 bit Build 22621 (10.0.22621.3958)
OS uptime: 13 days 23:24 hours

CPU: total 12 (initial active 12) (6 cores per cpu, 2 threads per core) family 6 model 186 stepping 3 microcode 0x411f, cx8, cmov, fxsr, ht, mmx, 3dnowpref, sse, sse2, sse3, ssse3, sse4.1, sse4.2, popcnt, lzcnt, tsc, tscinvbit, avx, avx2, aes, erms, clmul, bmi1, bmi2, adx, sha, fma, vzeroupper, clflush, clflushopt, clwb
Processor Information for processor 0
  Max Mhz: 1800, Current Mhz: 1800, Mhz Limit: 1800
Processor Information for processor 1
  Max Mhz: 1800, Current Mhz: 1800, Mhz Limit: 1800
Processor Information for processor 2
  Max Mhz: 1800, Current Mhz: 1800, Mhz Limit: 1800
Processor Information for processor 3
  Max Mhz: 1800, Current Mhz: 1800, Mhz Limit: 1800
Processor Information for processor 4
  Max Mhz: 1800, Current Mhz: 1200, Mhz Limit: 1188
Processor Information for processor 5
  Max Mhz: 1800, Current Mhz: 1200, Mhz Limit: 1188
Processor Information for processor 6
  Max Mhz: 1800, Current Mhz: 1200, Mhz Limit: 1188
Processor Information for processor 7
  Max Mhz: 1800, Current Mhz: 1200, Mhz Limit: 1188
Processor Information for processor 8
  Max Mhz: 1800, Current Mhz: 1200, Mhz Limit: 1188
Processor Information for processor 9
  Max Mhz: 1800, Current Mhz: 1200, Mhz Limit: 1188
Processor Information for processor 10
  Max Mhz: 1800, Current Mhz: 1200, Mhz Limit: 1188
Processor Information for processor 11
  Max Mhz: 1800, Current Mhz: 1200, Mhz Limit: 1188

Memory: 4k page, system-wide physical 32451M (10723M free)
TotalPageFile size 70829M (AvailPageFile size 10M)
current process WorkingSet (physical memory assigned to process): 12M, peak: 12M
current process commit charge ("private bytes"): 573M, peak: 581M

vm_info: OpenJDK 64-Bit Server VM (17.0.8.1+1) for windows-amd64 JRE (17.0.8.1+1), built on Aug 23 2023 15:29:17 by "admin" with MS VC++ 16.7 (VS2019)

END.
