#
# There is insufficient memory for the Java Runtime Environment to continue.
# Native memory allocation (mmap) failed to map 532676608 bytes. Error detail: G1 virtual space
# Possible reasons:
#   The system is out of physical RAM or swap space
#   This process is running with CompressedOops enabled, and the Java Heap may be blocking the growth of the native heap
# Possible solutions:
#   Reduce memory load on the system
#   Increase physical memory or swap space
#   Check if swap backing store is full
#   Decrease Java heap size (-Xmx/-Xms)
#   Decrease number of Java threads
#   Decrease Java thread stack sizes (-Xss)
#   Set larger code cache with -XX:ReservedCodeCacheSize=
#   JVM is running with Zero Based Compressed Oops mode in which the Java heap is
#     placed in the first 32GB address space. The Java Heap base address is the
#     maximum limit for the native heap growth. Please use -XX:HeapBaseMinAddress
#     to set the Java Heap base and to place the Java Heap above 32GB virtual address.
# This output file may be truncated or incomplete.
#
#  Out of Memory Error (os_windows.cpp:3703), pid=7856, tid=17020
#
# JRE version:  (23.0.1+11) (build )
# Java VM: OpenJDK 64-Bit Server VM (23.0.1+11-39, mixed mode, sharing, tiered, compressed oops, compressed class ptrs, g1 gc, windows-amd64)
# No core dump will be written. Minidumps are not enabled by default on client versions of Windows
#

---------------  S U M M A R Y ------------

Command Line: -javaagent:C:\Program Files\JetBrains\IntelliJ IDEA 2024.2.3\lib\idea_rt.jar=58826:C:\Program Files\JetBrains\IntelliJ IDEA 2024.2.3\bin -Dfile.encoding=UTF-8 -Dsun.stdout.encoding=UTF-8 -Dsun.stderr.encoding=UTF-8 --module-path=C:\java_workspace\DSA_Academy_Blank\bin -Djdk.module.main=DSA_Academy_Blank DSA_Academy_Blank/com.dsa.Academy_Main

Host: Intel(R) Core(TM) 7 150U, 12 cores, 31G,  Windows 11 , 64 bit Build 22621 (10.0.22621.3958)
Time: Fri Nov  8 16:47:49 2024  Windows 11 , 64 bit Build 22621 (10.0.22621.3958) elapsed time: 0.010133 seconds (0d 0h 0m 0s)

---------------  T H R E A D  ---------------

Current thread (0x000001bb76f124f0):  JavaThread "Unknown thread" [_thread_in_vm, id=17020, stack(0x00000045b1500000,0x00000045b1600000) (1024K)]

Stack: [0x00000045b1500000,0x00000045b1600000]
Native frames: (J=compiled Java code, j=interpreted, Vv=VM code, C=native code)
V  [jvm.dll+0x6e08b9]  (no source info available)
V  [jvm.dll+0x87dc83]  (no source info available)
V  [jvm.dll+0x88010e]  (no source info available)
V  [jvm.dll+0x8807e3]  (no source info available)
V  [jvm.dll+0x27aee6]  (no source info available)
V  [jvm.dll+0x6dd1c5]  (no source info available)
V  [jvm.dll+0x6d104a]  (no source info available)
V  [jvm.dll+0x35b3ea]  (no source info available)
V  [jvm.dll+0x3637f6]  (no source info available)
V  [jvm.dll+0x34fd5e]  (no source info available)
V  [jvm.dll+0x34fff8]  (no source info available)
V  [jvm.dll+0x3289cc]  (no source info available)
V  [jvm.dll+0x32966e]  (no source info available)
V  [jvm.dll+0x844355]  (no source info available)
V  [jvm.dll+0x3b9848]  (no source info available)
V  [jvm.dll+0x82d14c]  (no source info available)
V  [jvm.dll+0x454d4e]  (no source info available)
V  [jvm.dll+0x456bd1]  (no source info available)
C  [jli.dll+0x52a3]  (no source info available)
C  [ucrtbase.dll+0x29333]  (no source info available)
C  [KERNEL32.DLL+0x1257d]  (no source info available)
C  [ntdll.dll+0x5af08]  (no source info available)

Lock stack of current Java thread (top to bottom):


---------------  P R O C E S S  ---------------

Threads class SMR info:
_java_thread_list=0x00007ffa56083618, length=0, elements={
}

Java Threads: ( => current thread )
Total: 0

Other Threads:
  0x000001bb791efd90 WorkerThread "GC Thread#0"                     [id=21488, stack(0x00000045b1600000,0x00000045b1700000) (1024K)]
  0x000001bb79205ae0 ConcurrentGCThread "G1 Main Marker"            [id=11732, stack(0x00000045b1700000,0x00000045b1800000) (1024K)]
  0x000001bb792067a0 WorkerThread "G1 Conc#0"                       [id=748, stack(0x00000045b1800000,0x00000045b1900000) (1024K)]

[error occurred during error reporting (printing all threads), id 0xc0000005, EXCEPTION_ACCESS_VIOLATION (0xc0000005) at pc=0x00007ffa557cbfba]
VM state: not at safepoint (not fully initialized)

VM Mutex/Monitor currently owned by a thread:  ([mutex/lock_event])
[0x00007ffa56103a10] Heap_lock - owner thread: 0x000001bb76f124f0

Heap address: 0x0000000604c00000, size: 8116 MB, Compressed Oops mode: Zero based, Oop shift amount: 3

CDS archive(s) mapped at: [0x0000000000000000-0x0000000000000000-0x0000000000000000), size 0, SharedBaseAddress: 0x0000000800000000, ArchiveRelocationMode: 1.
Narrow klass base: 0x0000000000000000, Narrow klass shift: 0, Narrow klass range: 0x0

GC Precious Log:
 CardTable entry size: 512
 Card Set container configuration: InlinePtr #cards 4 size 8 Array Of Cards #cards 32 size 80 Howl #buckets 8 coarsen threshold 7372 Howl Bitmap #cards 1024 size 144 coarsen threshold 921 Card regions per heap region 1 cards per card region 8192

Heap:
 garbage-first heap   total reserved 8310784K, committed 0K, used 0K [0x0000000604c00000, 0x0000000800000000)
  region size 4096K, 0 young (0K), 0 survivors (0K)

[error occurred during error reporting (printing heap information), id 0xc0000005, EXCEPTION_ACCESS_VIOLATION (0xc0000005) at pc=0x00007ffa55bcc3c9]
GC Heap History (0 events):
No events

Dll operation events (1 events):
Event: 0.007 Loaded shared library C:\Users\user\.jdks\openjdk-23.0.1\bin\java.dll

Deoptimization events (0 events):
No events

Classes loaded (0 events):
No events

Classes unloaded (0 events):
No events

Classes redefined (0 events):
No events

Internal exceptions (0 events):
No events

VM Operations (0 events):
No events

Memory protections (0 events):
No events

Nmethod flushes (0 events):
No events

Events (0 events):
No events


Dynamic libraries:
0x00007ff601e90000 - 0x00007ff601e9e000 	C:\Users\user\.jdks\openjdk-23.0.1\bin\java.exe
0x00007ffae4570000 - 0x00007ffae4787000 	C:\Windows\SYSTEM32\ntdll.dll
0x00007ffae2e20000 - 0x00007ffae2ee4000 	C:\Windows\System32\KERNEL32.DLL
0x00007ffae1c80000 - 0x00007ffae2037000 	C:\Windows\System32\KERNELBASE.dll
0x00007ffae2180000 - 0x00007ffae2291000 	C:\Windows\System32\ucrtbase.dll
0x00007ffab6980000 - 0x00007ffab699b000 	C:\Users\user\.jdks\openjdk-23.0.1\bin\VCRUNTIME140.dll
0x00007ffab6960000 - 0x00007ffab6977000 	C:\Users\user\.jdks\openjdk-23.0.1\bin\jli.dll
0x00007ffae2300000 - 0x00007ffae24af000 	C:\Windows\System32\USER32.dll
0x00007ffae1880000 - 0x00007ffae18a6000 	C:\Windows\System32\win32u.dll
0x00007ffae24b0000 - 0x00007ffae24d9000 	C:\Windows\System32\GDI32.dll
0x00007ffae1aa0000 - 0x00007ffae1bb8000 	C:\Windows\System32\gdi32full.dll
0x00007ffae20e0000 - 0x00007ffae217a000 	C:\Windows\System32\msvcp_win.dll
0x00007ffad0840000 - 0x00007ffad0ad3000 	C:\Windows\WinSxS\amd64_microsoft.windows.common-controls_6595b64144ccf1df_6.0.22621.3672_none_2713b9d173822955\COMCTL32.dll
0x00007ffae25e0000 - 0x00007ffae2687000 	C:\Windows\System32\msvcrt.dll
0x00007ffae22a0000 - 0x00007ffae22d1000 	C:\Windows\System32\IMM32.DLL
0x00007ffac8440000 - 0x00007ffac844c000 	C:\Users\user\.jdks\openjdk-23.0.1\bin\vcruntime140_1.dll
0x00007ffaabab0000 - 0x00007ffaabb3e000 	C:\Users\user\.jdks\openjdk-23.0.1\bin\msvcp140.dll
0x00007ffa55490000 - 0x00007ffa561df000 	C:\Users\user\.jdks\openjdk-23.0.1\bin\server\jvm.dll
0x00007ffae3d90000 - 0x00007ffae3e42000 	C:\Windows\System32\ADVAPI32.dll
0x00007ffae3e50000 - 0x00007ffae3ef8000 	C:\Windows\System32\sechost.dll
0x00007ffae2040000 - 0x00007ffae2068000 	C:\Windows\System32\bcrypt.dll
0x00007ffae2900000 - 0x00007ffae2a14000 	C:\Windows\System32\RPCRT4.dll
0x00007ffae44b0000 - 0x00007ffae4521000 	C:\Windows\System32\WS2_32.dll
0x00007ffae0730000 - 0x00007ffae077d000 	C:\Windows\SYSTEM32\POWRPROF.dll
0x00007ffadac40000 - 0x00007ffadac74000 	C:\Windows\SYSTEM32\WINMM.dll
0x00007ffad9780000 - 0x00007ffad978a000 	C:\Windows\SYSTEM32\VERSION.dll
0x00007ffae0710000 - 0x00007ffae0723000 	C:\Windows\SYSTEM32\UMPDC.dll
0x00007ffae09c0000 - 0x00007ffae09d8000 	C:\Windows\SYSTEM32\kernel.appcore.dll
0x00007ffac7c10000 - 0x00007ffac7c1a000 	C:\Users\user\.jdks\openjdk-23.0.1\bin\jimage.dll
0x00007ffadf0b0000 - 0x00007ffadf2e2000 	C:\Windows\SYSTEM32\DBGHELP.DLL
0x00007ffae4120000 - 0x00007ffae44ae000 	C:\Windows\System32\combase.dll
0x00007ffae2a20000 - 0x00007ffae2af7000 	C:\Windows\System32\OLEAUT32.dll
0x00007ffad7aa0000 - 0x00007ffad7ad2000 	C:\Windows\SYSTEM32\dbgcore.DLL
0x00007ffae1a20000 - 0x00007ffae1a9b000 	C:\Windows\System32\bcryptPrimitives.dll
0x00007ffac6ec0000 - 0x00007ffac6ecf000 	C:\Users\user\.jdks\openjdk-23.0.1\bin\instrument.dll
0x00007ffab6940000 - 0x00007ffab695e000 	C:\Users\user\.jdks\openjdk-23.0.1\bin\java.dll
0x00007ffae2c70000 - 0x00007ffae2e15000 	C:\Windows\System32\ole32.dll
0x00007ffae3470000 - 0x00007ffae3cd9000 	C:\Windows\System32\SHELL32.dll

dbghelp: loaded successfully - version: 4.0.5 - missing functions: none
symbol engine: initialized successfully - sym options: 0x614 - pdb path: .;C:\Users\user\.jdks\openjdk-23.0.1\bin;C:\Windows\SYSTEM32;C:\Windows\WinSxS\amd64_microsoft.windows.common-controls_6595b64144ccf1df_6.0.22621.3672_none_2713b9d173822955;C:\Users\user\.jdks\openjdk-23.0.1\bin\server

VM Arguments:
jvm_args: -javaagent:C:\Program Files\JetBrains\IntelliJ IDEA 2024.2.3\lib\idea_rt.jar=58826:C:\Program Files\JetBrains\IntelliJ IDEA 2024.2.3\bin -Dfile.encoding=UTF-8 -Dsun.stdout.encoding=UTF-8 -Dsun.stderr.encoding=UTF-8 --module-path=C:\java_workspace\DSA_Academy_Blank\bin -Djdk.module.main=DSA_Academy_Blank 
java_command: DSA_Academy_Blank/com.dsa.Academy_Main
java_class_path (initial): <not set>
Launcher Type: SUN_STANDARD

[Global flags]
     intx CICompilerCount                          = 4                                         {product} {ergonomic}
     uint ConcGCThreads                            = 3                                         {product} {ergonomic}
     uint G1ConcRefinementThreads                  = 10                                        {product} {ergonomic}
   size_t G1HeapRegionSize                         = 4194304                                   {product} {ergonomic}
   size_t InitialHeapSize                          = 532676608                                 {product} {ergonomic}
   size_t MarkStackSize                            = 4194304                                   {product} {ergonomic}
   size_t MarkStackSizeMax                         = 536870912                                 {product} {ergonomic}
   size_t MaxHeapSize                              = 8510242816                                {product} {ergonomic}
   size_t MinHeapDeltaBytes                        = 4194304                                   {product} {ergonomic}
   size_t MinHeapSize                              = 8388608                                   {product} {ergonomic}
    uintx NonNMethodCodeHeapSize                   = 5832704                                {pd product} {ergonomic}
    uintx NonProfiledCodeHeapSize                  = 122945536                              {pd product} {ergonomic}
    uintx ProfiledCodeHeapSize                     = 122880000                              {pd product} {ergonomic}
    uintx ReservedCodeCacheSize                    = 251658240                              {pd product} {ergonomic}
     bool SegmentedCodeCache                       = true                                      {product} {ergonomic}
   size_t SoftMaxHeapSize                          = 8510242816                             {manageable} {ergonomic}
     bool UseCompressedOops                        = true                           {product lp64_product} {ergonomic}
     bool UseG1GC                                  = true                                      {product} {ergonomic}
     bool UseLargePagesIndividualAllocation        = false                                  {pd product} {ergonomic}

Logging:
Log output configuration:
 #0: stdout all=warning uptime,level,tags foldmultilines=false
 #1: stderr all=off uptime,level,tags foldmultilines=false

Environment Variables:
JAVA_HOME=C:\Program Files\Java\jdk-17
PATH=C:\Program Files\Java\jdk-17\bin;C:\Program Files\Common Files\Oracle\Java\javapath;C:\pr\ORDB\app\oracle\product\11.2.0\server\bin;C:\Windows\system32;C:\Windows;C:\Windows\System32\Wbem;C:\Windows\System32\WindowsPowerShell\v1.0\;C:\Windows\System32\OpenSSH\;C:\Program Files\Bandizip\;C:\Users\user\AppData\Local\Microsoft\WindowsApps;C:\Users\user\AppData\Local\Programs\Microsoft VS Code\bin;C:\Program Files\JetBrains\IntelliJ IDEA 2024.2.3\bin;;C:\pr\MySQL\MySQL Server 8.0\bin;;C:\Program Files (x86)\ESTsoft\ALSee\x64
USERNAME=user
OS=Windows_NT
PROCESSOR_IDENTIFIER=Intel64 Family 6 Model 186 Stepping 3, GenuineIntel
TMP=C:\Users\user\AppData\Local\Temp
TEMP=C:\Users\user\AppData\Local\Temp




Periodic native trim disabled

---------------  S Y S T E M  ---------------

OS:
 Windows 11 , 64 bit Build 22621 (10.0.22621.3958)
OS uptime: 11 days 0:24 hours

CPU: total 12 (initial active 12) (6 cores per cpu, 2 threads per core) family 6 model 186 stepping 3 microcode 0x411f, cx8, cmov, fxsr, ht, mmx, 3dnowpref, sse, sse2, sse3, ssse3, sse4.1, sse4.2, popcnt, lzcnt, tsc, tscinvbit, avx, avx2, aes, erms, clmul, bmi1, bmi2, adx, sha, fma, vzeroupper, clflush, clflushopt, clwb, serialize, rdtscp, rdpid, fsrm, gfni, f16c, pku, cet_ibt, cet_ss
Processor Information for processor 0
  Max Mhz: 1800, Current Mhz: 1800, Mhz Limit: 1800
Processor Information for processor 1
  Max Mhz: 1800, Current Mhz: 1800, Mhz Limit: 1800
Processor Information for processor 2
  Max Mhz: 1800, Current Mhz: 1800, Mhz Limit: 1800
Processor Information for processor 3
  Max Mhz: 1800, Current Mhz: 1800, Mhz Limit: 1800
Processor Information for processor 4
  Max Mhz: 1800, Current Mhz: 1200, Mhz Limit: 1188
Processor Information for processor 5
  Max Mhz: 1800, Current Mhz: 1200, Mhz Limit: 1188
Processor Information for processor 6
  Max Mhz: 1800, Current Mhz: 1200, Mhz Limit: 1188
Processor Information for processor 7
  Max Mhz: 1800, Current Mhz: 1200, Mhz Limit: 1188
Processor Information for processor 8
  Max Mhz: 1800, Current Mhz: 1200, Mhz Limit: 1188
Processor Information for processor 9
  Max Mhz: 1800, Current Mhz: 1200, Mhz Limit: 1188
Processor Information for processor 10
  Max Mhz: 1800, Current Mhz: 1200, Mhz Limit: 1188
Processor Information for processor 11
  Max Mhz: 1800, Current Mhz: 1200, Mhz Limit: 1188

Memory: 4k page, system-wide physical 32451M (9107M free)
TotalPageFile size 70829M (AvailPageFile size 300M)
current process WorkingSet (physical memory assigned to process): 13M, peak: 13M
current process commit charge ("private bytes"): 65M, peak: 573M

vm_info: OpenJDK 64-Bit Server VM (23.0.1+11-39) for windows-amd64 JRE (23.0.1+11-39), built on 2024-09-30T07:20:43Z with MS VC++ 17.6 (VS2022)

END.
